[{"line":1,"elements":[{"start_timestamp":"2023-03-12T15:57:40.200Z","before":[{"result":{"duration":7634154600,"status":"passed"},"match":{"location":"com.juaracoding.cucumber.lib.LibraryTest.setUp()"}}],"line":3,"name":"User valid login web demoqa shop","description":"","id":"user-login-web-demoqa-shop;user-valid-login-web-demoqa-shop","type":"scenario","keyword":"Scenario","steps":[{"result":{"duration":12123487200,"status":"passed"},"line":4,"name":"User open browser and url","match":{"location":"com.juaracoding.cucumber.foldertest.TestLogin.user_open_browser_and_url()"},"keyword":"Given "},{"result":{"duration":1220675200,"status":"passed"},"line":5,"name":"User click popup dismiss","match":{"location":"com.juaracoding.cucumber.foldertest.TestLogin.user_click_popup_dismiss()"},"keyword":"When "},{"result":{"duration":2433201600,"status":"passed"},"line":6,"name":"User click link my account and scroll","match":{"location":"com.juaracoding.cucumber.foldertest.TestLogin.user_click_link_my_account_and_scroll()"},"keyword":"And "},{"result":{"duration":480724100,"status":"passed"},"line":7,"name":"User enter valid username","match":{"location":"com.juaracoding.cucumber.foldertest.TestLogin.user_enter_valid_username()"},"keyword":"And "},{"result":{"duration":331809200,"status":"passed"},"line":8,"name":"User enter valid password","match":{"location":"com.juaracoding.cucumber.foldertest.TestLogin.user_enter_valid_password()"},"keyword":"And "},{"result":{"duration":187895000,"status":"passed"},"line":9,"name":"User click checkbox remember me","match":{"location":"com.juaracoding.cucumber.foldertest.TestLogin.user_click_checkbox_remember_me()"},"keyword":"And "},{"result":{"duration":2642716000,"status":"passed"},"line":10,"name":"User click button login","match":{"location":"com.juaracoding.cucumber.foldertest.TestLogin.user_click_button_login()"},"keyword":"And "},{"result":{"duration":465734700,"status":"passed"},"line":11,"name":"User go to page my account and scroll","match":{"location":"com.juaracoding.cucumber.foldertest.TestLogin.user_go_to_page_my_account_and_scroll()"},"keyword":"And "},{"result":{"error_message":"org.openqa.selenium.NoSuchElementException: no such element: Unable to locate element: {\"method\":\"xpath\",\"selector\":\"//*[@id=\"post-8\"]/div/div/div/p[1]/strong[1]\"}\n  (Session info: chrome=110.0.5481.180)\nFor documentation on this error, please visit: https://www.seleniumhq.org/exceptions/no_such_element.html\nBuild info: version: '3.141.59', revision: 'e82be7d358', time: '2018-11-14T08:17:03'\nSystem info: host: 'DESKTOP-8VDTVVN', ip: '192.168.1.131', os.name: 'Windows 10', os.arch: 'amd64', os.version: '10.0', java.version: '17.0.6'\nDriver info: org.openqa.selenium.chrome.ChromeDriver\nCapabilities {acceptInsecureCerts: false, browserName: chrome, browserVersion: 110.0.5481.180, chrome: {chromedriverVersion: 110.0.5481.77 (65ed616c6e8e..., userDataDir: C:\\Users\\ALBERT~1\\AppData\\L...}, goog:chromeOptions: {debuggerAddress: localhost:50329}, javascriptEnabled: true, networkConnectionEnabled: false, pageLoadStrategy: normal, platform: WINDOWS, platformName: WINDOWS, proxy: Proxy(), setWindowRect: true, strictFileInteractability: false, timeouts: {implicit: 0, pageLoad: 300000, script: 30000}, unhandledPromptBehavior: dismiss and notify, webauthn:extension:credBlob: true, webauthn:extension:largeBlob: true, webauthn:virtualAuthenticators: true}\nSession ID: 2dbbf98f577ea3479c77927bf3781755\n*** Element info: {Using=xpath, value=//*[@id=\"post-8\"]/div/div/div/p[1]/strong[1]}\r\n\tat java.base/jdk.internal.reflect.NativeConstructorAccessorImpl.newInstance0(Native Method)\r\n\tat java.base/jdk.internal.reflect.NativeConstructorAccessorImpl.newInstance(NativeConstructorAccessorImpl.java:77)\r\n\tat java.base/jdk.internal.reflect.DelegatingConstructorAccessorImpl.newInstance(DelegatingConstructorAccessorImpl.java:45)\r\n\tat java.base/java.lang.reflect.Constructor.newInstanceWithCaller(Constructor.java:499)\r\n\tat java.base/java.lang.reflect.Constructor.newInstance(Constructor.java:480)\r\n\tat org.openqa.selenium.remote.http.W3CHttpResponseCodec.createException(W3CHttpResponseCodec.java:187)\r\n\tat org.openqa.selenium.remote.http.W3CHttpResponseCodec.decode(W3CHttpResponseCodec.java:122)\r\n\tat org.openqa.selenium.remote.http.W3CHttpResponseCodec.decode(W3CHttpResponseCodec.java:49)\r\n\tat org.openqa.selenium.remote.HttpCommandExecutor.execute(HttpCommandExecutor.java:158)\r\n\tat org.openqa.selenium.remote.service.DriverCommandExecutor.execute(DriverCommandExecutor.java:83)\r\n\tat org.openqa.selenium.remote.RemoteWebDriver.execute(RemoteWebDriver.java:552)\r\n\tat org.openqa.selenium.remote.RemoteWebDriver.findElement(RemoteWebDriver.java:323)\r\n\tat org.openqa.selenium.remote.RemoteWebDriver.findElementByXPath(RemoteWebDriver.java:428)\r\n\tat org.openqa.selenium.By$ByXPath.findElement(By.java:353)\r\n\tat org.openqa.selenium.remote.RemoteWebDriver.findElement(RemoteWebDriver.java:315)\r\n\tat org.openqa.selenium.support.pagefactory.DefaultElementLocator.findElement(DefaultElementLocator.java:69)\r\n\tat org.openqa.selenium.support.pagefactory.internal.LocatingElementHandler.invoke(LocatingElementHandler.java:38)\r\n\tat jdk.proxy2/jdk.proxy2.$Proxy24.getText(Unknown Source)\r\n\tat com.juaracoding.cucumber.pages.LoginDemoqaPage.getAccountName(LoginDemoqaPage.java:47)\r\n\tat com.juaracoding.cucumber.foldertest.TestLogin.user_get_account_name(TestLogin.java:101)\r\n\tat ✽.User get account name(file:///C:/JuaraCoding/sqabacth8/TestingShopDomaq/src/main/resources/features/01.login.feature:12)\r\n","duration":30067337300,"status":"failed"},"line":12,"name":"User get account name","match":{"location":"com.juaracoding.cucumber.foldertest.TestLogin.user_get_account_name()"},"keyword":"Then "}]},{"start_timestamp":"2023-03-12T15:58:37.970Z","before":[{"result":{"status":"passed"},"match":{"location":"com.juaracoding.cucumber.lib.LibraryTest.setUp()"}}],"line":14,"name":"User invalid login web demoqa shop","description":"","id":"user-login-web-demoqa-shop;user-invalid-login-web-demoqa-shop","type":"scenario","keyword":"Scenario","steps":[{"result":{"error_message":"org.openqa.selenium.NoSuchElementException: no such element: Unable to locate element: {\"method\":\"xpath\",\"selector\":\"//a[normalize-space()='Log out']\"}\n  (Session info: chrome=110.0.5481.180)\nFor documentation on this error, please visit: https://www.seleniumhq.org/exceptions/no_such_element.html\nBuild info: version: '3.141.59', revision: 'e82be7d358', time: '2018-11-14T08:17:03'\nSystem info: host: 'DESKTOP-8VDTVVN', ip: '192.168.1.131', os.name: 'Windows 10', os.arch: 'amd64', os.version: '10.0', java.version: '17.0.6'\nDriver info: org.openqa.selenium.chrome.ChromeDriver\nCapabilities {acceptInsecureCerts: false, browserName: chrome, browserVersion: 110.0.5481.180, chrome: {chromedriverVersion: 110.0.5481.77 (65ed616c6e8e..., userDataDir: C:\\Users\\ALBERT~1\\AppData\\L...}, goog:chromeOptions: {debuggerAddress: localhost:50329}, javascriptEnabled: true, networkConnectionEnabled: false, pageLoadStrategy: normal, platform: WINDOWS, platformName: WINDOWS, proxy: Proxy(), setWindowRect: true, strictFileInteractability: false, timeouts: {implicit: 0, pageLoad: 300000, script: 30000}, unhandledPromptBehavior: dismiss and notify, webauthn:extension:credBlob: true, webauthn:extension:largeBlob: true, webauthn:virtualAuthenticators: true}\nSession ID: 2dbbf98f577ea3479c77927bf3781755\n*** Element info: {Using=xpath, value=//a[normalize-space()='Log out']}\r\n\tat java.base/jdk.internal.reflect.NativeConstructorAccessorImpl.newInstance0(Native Method)\r\n\tat java.base/jdk.internal.reflect.NativeConstructorAccessorImpl.newInstance(NativeConstructorAccessorImpl.java:77)\r\n\tat java.base/jdk.internal.reflect.DelegatingConstructorAccessorImpl.newInstance(DelegatingConstructorAccessorImpl.java:45)\r\n\tat java.base/java.lang.reflect.Constructor.newInstanceWithCaller(Constructor.java:499)\r\n\tat java.base/java.lang.reflect.Constructor.newInstance(Constructor.java:480)\r\n\tat org.openqa.selenium.remote.http.W3CHttpResponseCodec.createException(W3CHttpResponseCodec.java:187)\r\n\tat org.openqa.selenium.remote.http.W3CHttpResponseCodec.decode(W3CHttpResponseCodec.java:122)\r\n\tat org.openqa.selenium.remote.http.W3CHttpResponseCodec.decode(W3CHttpResponseCodec.java:49)\r\n\tat org.openqa.selenium.remote.HttpCommandExecutor.execute(HttpCommandExecutor.java:158)\r\n\tat org.openqa.selenium.remote.service.DriverCommandExecutor.execute(DriverCommandExecutor.java:83)\r\n\tat org.openqa.selenium.remote.RemoteWebDriver.execute(RemoteWebDriver.java:552)\r\n\tat org.openqa.selenium.remote.RemoteWebDriver.findElement(RemoteWebDriver.java:323)\r\n\tat org.openqa.selenium.remote.RemoteWebDriver.findElementByXPath(RemoteWebDriver.java:428)\r\n\tat org.openqa.selenium.By$ByXPath.findElement(By.java:353)\r\n\tat org.openqa.selenium.remote.RemoteWebDriver.findElement(RemoteWebDriver.java:315)\r\n\tat org.openqa.selenium.support.pagefactory.DefaultElementLocator.findElement(DefaultElementLocator.java:69)\r\n\tat org.openqa.selenium.support.pagefactory.internal.LocatingElementHandler.invoke(LocatingElementHandler.java:38)\r\n\tat jdk.proxy2/jdk.proxy2.$Proxy24.click(Unknown Source)\r\n\tat com.juaracoding.cucumber.pages.LoginDemoqaPage.linktxLogout(LoginDemoqaPage.java:82)\r\n\tat com.juaracoding.cucumber.foldertest.TestLogin.User_logout_web_demoqa_shop(TestLogin.java:36)\r\n\tat ✽.User logout web demoqa shop(file:///C:/JuaraCoding/sqabacth8/TestingShopDomaq/src/main/resources/features/01.login.feature:15)\r\n","duration":31071022400,"status":"failed"},"line":15,"name":"User logout web demoqa shop","match":{"location":"com.juaracoding.cucumber.foldertest.TestLogin.User_logout_web_demoqa_shop()"},"keyword":"Given "},{"result":{"duration":997600,"status":"skipped"},"line":16,"name":"User scroll and enter invalid username","match":{"location":"com.juaracoding.cucumber.foldertest.TestLogin.user_scroll_and_enter_invalid_username()"},"keyword":"When "},{"result":{"status":"skipped"},"line":17,"name":"User enter invalid password","match":{"location":"com.juaracoding.cucumber.foldertest.TestLogin.user_enter_invalid_password()"},"keyword":"And "},{"result":{"status":"skipped"},"line":18,"name":"User click checkbox remember me","match":{"location":"com.juaracoding.cucumber.foldertest.TestLogin.user_click_checkbox_remember_me()"},"keyword":"And "},{"result":{"duration":2998600,"status":"skipped"},"line":19,"name":"User click button login","match":{"location":"com.juaracoding.cucumber.foldertest.TestLogin.user_click_button_login()"},"keyword":"And "},{"result":{"duration":1000900,"status":"skipped"},"line":20,"name":"User get message error message","match":{"location":"com.juaracoding.cucumber.foldertest.TestLogin.user_get_message_error_message()"},"keyword":"Then "}]}],"name":"User Login Web Demoqa Shop","description":"","id":"user-login-web-demoqa-shop","keyword":"Feature","uri":"file:src/main/resources/features/01.login.feature","tags":[]},{"line":1,"elements":[{"start_timestamp":"2023-03-12T15:59:09.137Z","before":[{"result":{"status":"passed"},"match":{"location":"com.juaracoding.cucumber.lib.LibraryTest.setUp()"}}],"line":3,"name":"User choose product in demoqa shop","description":"","id":"add-product-to-cart-demoqa-shop;user-choose-product-in-demoqa-shop","type":"scenario","keyword":"Scenario","steps":[{"result":{"duration":6070658800,"status":"passed"},"line":4,"name":"User open browser and url","match":{"location":"com.juaracoding.cucumber.foldertest.TestLogin.user_open_browser_and_url()"},"keyword":"Given "},{"result":{"duration":4443606800,"status":"passed"},"line":5,"name":"User click link my account and scroll","match":{"location":"com.juaracoding.cucumber.foldertest.TestLogin.user_click_link_my_account_and_scroll()"},"keyword":"When "},{"result":{"duration":3287227900,"status":"passed"},"line":6,"name":"User login","match":{"location":"com.juaracoding.cucumber.foldertest.TestAddtoCart.user_login()"},"keyword":"And "},{"result":{"duration":7172300300,"status":"passed"},"line":7,"name":"User click link text checkout","match":{"location":"com.juaracoding.cucumber.foldertest.TestAddtoCart.user_click_link_text_checkout()"},"keyword":"And "},{"result":{"duration":4407453500,"status":"passed"},"line":8,"name":"User scroll and click button return to shop","match":{"location":"com.juaracoding.cucumber.foldertest.TestAddtoCart.user_scroll_and_click_button_return_to_shop()"},"keyword":"And "},{"result":{"duration":2487865100,"status":"passed"},"line":9,"name":"User scroll and click product one","match":{"location":"com.juaracoding.cucumber.foldertest.TestAddtoCart.user_scroll_and_click_product_one()"},"keyword":"And "},{"result":{"duration":124049100,"status":"passed"},"line":10,"name":"User click exit for quit product one","match":{"location":"com.juaracoding.cucumber.foldertest.TestAddtoCart.user_click_exit_for_quit_product_one()"},"keyword":"And "},{"result":{"duration":1156740000,"status":"passed"},"line":11,"name":"User scroll and click product two","match":{"location":"com.juaracoding.cucumber.foldertest.TestAddtoCart.user_scroll_and_click_product_two()"},"keyword":"And "},{"result":{"duration":11575969600,"status":"passed"},"line":12,"name":"User click button select product","match":{"location":"com.juaracoding.cucumber.foldertest.TestAddtoCart.user_click_button_select_product()"},"keyword":"And "},{"result":{"error_message":"java.lang.AssertionError: expected [true] but found [false]\r\n\tat org.testng.Assert.fail(Assert.java:110)\r\n\tat org.testng.Assert.failNotEquals(Assert.java:1577)\r\n\tat org.testng.Assert.assertTrue(Assert.java:56)\r\n\tat org.testng.Assert.assertTrue(Assert.java:66)\r\n\tat com.juaracoding.cucumber.foldertest.TestAddtoCart.user_go_to_page_and_get_name_product(TestAddtoCart.java:124)\r\n\tat ✽.User go to page and get name product(file:///C:/JuaraCoding/sqabacth8/TestingShopDomaq/src/main/resources/features/02.addtocart.feature:13)\r\n","duration":270846300,"status":"failed"},"line":13,"name":"User go to page and get name product","match":{"location":"com.juaracoding.cucumber.foldertest.TestAddtoCart.user_go_to_page_and_get_name_product()"},"keyword":"Then "}]},{"start_timestamp":"2023-03-12T15:59:50.236Z","before":[{"result":{"duration":999600,"status":"passed"},"match":{"location":"com.juaracoding.cucumber.lib.LibraryTest.setUp()"}}],"line":15,"name":"User process product to cart","description":"","id":"add-product-to-cart-demoqa-shop;user-process-product-to-cart","type":"scenario","keyword":"Scenario","steps":[{"result":{"duration":2485440500,"status":"passed"},"line":16,"name":"User scroll and select color","match":{"location":"com.juaracoding.cucumber.foldertest.TestAddtoCart.user_scroll_and_select_color()"},"keyword":"When "},{"result":{"duration":1400369100,"status":"passed"},"line":17,"name":"User select size","match":{"location":"com.juaracoding.cucumber.foldertest.TestAddtoCart.user_select_size()"},"keyword":"And "},{"result":{"duration":2125618600,"status":"passed"},"line":18,"name":"User click button increament","match":{"location":"com.juaracoding.cucumber.foldertest.TestAddtoCart.user_click_button_increament()"},"keyword":"And "},{"result":{"duration":121936100,"status":"passed"},"line":19,"name":"User click button decreament","match":{"location":"com.juaracoding.cucumber.foldertest.TestAddtoCart.user_click_button_decreament()"},"keyword":"And "},{"result":{"duration":1910084500,"status":"passed"},"line":20,"name":"User click button add to cart","match":{"location":"com.juaracoding.cucumber.foldertest.TestAddtoCart.user_click_button_add_to_cart()"},"keyword":"And "},{"result":{"error_message":"java.lang.AssertionError: expected [true] but found [false]\r\n\tat org.testng.Assert.fail(Assert.java:110)\r\n\tat org.testng.Assert.failNotEquals(Assert.java:1577)\r\n\tat org.testng.Assert.assertTrue(Assert.java:56)\r\n\tat org.testng.Assert.assertTrue(Assert.java:66)\r\n\tat com.juaracoding.cucumber.foldertest.TestAddtoCart.user_get_to_confirm_product(TestAddtoCart.java:130)\r\n\tat ✽.User get to confirm product(file:///C:/JuaraCoding/sqabacth8/TestingShopDomaq/src/main/resources/features/02.addtocart.feature:21)\r\n","duration":228866400,"status":"failed"},"line":21,"name":"User get to confirm product","match":{"location":"com.juaracoding.cucumber.foldertest.TestAddtoCart.user_get_to_confirm_product()"},"keyword":"Then "}]},{"start_timestamp":"2023-03-12T15:59:58.578Z","before":[{"result":{"duration":993300,"status":"passed"},"match":{"location":"com.juaracoding.cucumber.lib.LibraryTest.setUp()"}}],"line":23,"name":"User view product in cart","description":"","id":"add-product-to-cart-demoqa-shop;user-view-product-in-cart","type":"scenario","keyword":"Scenario","steps":[{"result":{"duration":1678072100,"status":"passed"},"line":24,"name":"User click button view cart","match":{"location":"com.juaracoding.cucumber.foldertest.TestAddtoCart.User_click_button_view_cart()"},"keyword":"When "},{"result":{"duration":1610723400,"status":"passed"},"line":25,"name":"User scroll clear product","match":{"location":"com.juaracoding.cucumber.foldertest.TestAddtoCart.User_scroll_clear_product()"},"keyword":"And "},{"result":{"duration":17989900,"status":"passed"},"line":26,"name":"User go to page cart","match":{"location":"com.juaracoding.cucumber.foldertest.TestAddtoCart.user_go_to_page_cart()"},"keyword":"Then "}]}],"name":"Add Product to Cart Demoqa Shop","description":"","id":"add-product-to-cart-demoqa-shop","keyword":"Feature","uri":"file:src/main/resources/features/02.addtocart.feature","tags":[]}]